

*******************************************************************************
Sun Jan  4 17:31:36 2015


FIT:    data read from file.".dat" using 1:2:3
        format = x:z:s
BREAK:          No data to fit 



*******************************************************************************
Sun Jan  4 17:56:29 2015


FIT:    data read from file.".dat" using 1:2
        format = x:z
        #datapoints = 21
        residuals are weighted equally (unit weight)

function used for fitting: f(x)
fitted parameters initialized with current variable values



 Iteration 0
 WSSR        : 80.4277           delta(WSSR)/WSSR   : 0
 delta(WSSR) : 0                 limit for stopping : 1e-05
 lambda	  : 3.00876

initial set of free parameter values

m               = 1
b               = 1

After 4 iterations the fit converged.
final sum of squares of residuals : 0.954334
rel. change during last iteration : -4.09159e-11

degrees of freedom    (FIT_NDF)                        : 19
rms of residuals      (FIT_STDFIT) = sqrt(WSSR/ndf)    : 0.224116
variance of residuals (reduced chisquare) = WSSR/ndf   : 0.0502281

Final set of parameters            Asymptotic Standard Error
=======================            ==========================

m               = 0.90519          +/- 0.02286      (2.525%)
b               = -0.599179        +/- 0.09454      (15.78%)


correlation matrix of the fit parameters:

               m      b      
m               1.000 
b              -0.856  1.000 


*******************************************************************************
Sun Jan  4 17:58:06 2015


FIT:    data read from file.".dat" using 1:2
        format = x:z
        #datapoints = 21
        residuals are weighted equally (unit weight)

function used for fitting: f(x)
fitted parameters initialized with current variable values



 Iteration 0
 WSSR        : 80.4277           delta(WSSR)/WSSR   : 0
 delta(WSSR) : 0                 limit for stopping : 1e-05
 lambda	  : 3.00876

initial set of free parameter values

m               = 1
b               = 1

After 4 iterations the fit converged.
final sum of squares of residuals : 0.954334
rel. change during last iteration : -4.09159e-11

degrees of freedom    (FIT_NDF)                        : 19
rms of residuals      (FIT_STDFIT) = sqrt(WSSR/ndf)    : 0.224116
variance of residuals (reduced chisquare) = WSSR/ndf   : 0.0502281

Final set of parameters            Asymptotic Standard Error
=======================            ==========================

m               = 0.90519          +/- 0.02286      (2.525%)
b               = -0.599179        +/- 0.09454      (15.78%)


correlation matrix of the fit parameters:

               m      b      
m               1.000 
b              -0.856  1.000 


*******************************************************************************
Sun Jan  4 18:37:01 2015


FIT:    data read from file.".dat" using 1:2
        format = x:z
        #datapoints = 21
        residuals are weighted equally (unit weight)

function used for fitting: f(x)
fitted parameters initialized with current variable values



 Iteration 0
 WSSR        : 80.4277           delta(WSSR)/WSSR   : 0
 delta(WSSR) : 0                 limit for stopping : 1e-05
 lambda	  : 3.00876

initial set of free parameter values

m               = 1
b               = 1

After 4 iterations the fit converged.
final sum of squares of residuals : 0.954334
rel. change during last iteration : -4.09159e-11

degrees of freedom    (FIT_NDF)                        : 19
rms of residuals      (FIT_STDFIT) = sqrt(WSSR/ndf)    : 0.224116
variance of residuals (reduced chisquare) = WSSR/ndf   : 0.0502281

Final set of parameters            Asymptotic Standard Error
=======================            ==========================

m               = 0.90519          +/- 0.02286      (2.525%)
b               = -0.599179        +/- 0.09454      (15.78%)


correlation matrix of the fit parameters:

               m      b      
m               1.000 
b              -0.856  1.000 


*******************************************************************************
Sun Jan  4 18:37:15 2015


FIT:    data read from file.".dat" using 1:2
        format = x:z
        #datapoints = 21
        residuals are weighted equally (unit weight)

function used for fitting: f(x)
fitted parameters initialized with current variable values



 Iteration 0
 WSSR        : 80.4277           delta(WSSR)/WSSR   : 0
 delta(WSSR) : 0                 limit for stopping : 1e-05
 lambda	  : 3.00876

initial set of free parameter values

m               = 1
b               = 1

After 4 iterations the fit converged.
final sum of squares of residuals : 0.954334
rel. change during last iteration : -4.09159e-11

degrees of freedom    (FIT_NDF)                        : 19
rms of residuals      (FIT_STDFIT) = sqrt(WSSR/ndf)    : 0.224116
variance of residuals (reduced chisquare) = WSSR/ndf   : 0.0502281

Final set of parameters            Asymptotic Standard Error
=======================            ==========================

m               = 0.90519          +/- 0.02286      (2.525%)
b               = -0.599179        +/- 0.09454      (15.78%)


correlation matrix of the fit parameters:

               m      b      
m               1.000 
b              -0.856  1.000 


*******************************************************************************
Sun Jan  4 18:37:27 2015


FIT:    data read from file.".dat" using 1:2
        format = x:z
        #datapoints = 21
        residuals are weighted equally (unit weight)

function used for fitting: f(x)
fitted parameters initialized with current variable values



 Iteration 0
 WSSR        : 80.4277           delta(WSSR)/WSSR   : 0
 delta(WSSR) : 0                 limit for stopping : 1e-05
 lambda	  : 3.00876

initial set of free parameter values

m               = 1
b               = 1

After 4 iterations the fit converged.
final sum of squares of residuals : 0.954334
rel. change during last iteration : -4.09159e-11

degrees of freedom    (FIT_NDF)                        : 19
rms of residuals      (FIT_STDFIT) = sqrt(WSSR/ndf)    : 0.224116
variance of residuals (reduced chisquare) = WSSR/ndf   : 0.0502281

Final set of parameters            Asymptotic Standard Error
=======================            ==========================

m               = 0.90519          +/- 0.02286      (2.525%)
b               = -0.599179        +/- 0.09454      (15.78%)


correlation matrix of the fit parameters:

               m      b      
m               1.000 
b              -0.856  1.000 


*******************************************************************************
Sun Jan  4 18:40:51 2015


FIT:    data read from file.".dat" using 1:2
        format = x:z
        #datapoints = 21
        residuals are weighted equally (unit weight)

function used for fitting: f(x)
fitted parameters initialized with current variable values



 Iteration 0
 WSSR        : 80.4277           delta(WSSR)/WSSR   : 0
 delta(WSSR) : 0                 limit for stopping : 1e-05
 lambda	  : 3.00876

initial set of free parameter values

m               = 1
b               = 1

After 4 iterations the fit converged.
final sum of squares of residuals : 0.954334
rel. change during last iteration : -4.09159e-11

degrees of freedom    (FIT_NDF)                        : 19
rms of residuals      (FIT_STDFIT) = sqrt(WSSR/ndf)    : 0.224116
variance of residuals (reduced chisquare) = WSSR/ndf   : 0.0502281

Final set of parameters            Asymptotic Standard Error
=======================            ==========================

m               = 0.90519          +/- 0.02286      (2.525%)
b               = -0.599179        +/- 0.09454      (15.78%)


correlation matrix of the fit parameters:

               m      b      
m               1.000 
b              -0.856  1.000 


*******************************************************************************
Sun Jan  4 18:41:14 2015


FIT:    data read from file.".dat" using 1:2
        format = x:z
        #datapoints = 21
        residuals are weighted equally (unit weight)

function used for fitting: f(x)
fitted parameters initialized with current variable values



 Iteration 0
 WSSR        : 80.4277           delta(WSSR)/WSSR   : 0
 delta(WSSR) : 0                 limit for stopping : 1e-05
 lambda	  : 3.00876

initial set of free parameter values

m               = 1
b               = 1

After 4 iterations the fit converged.
final sum of squares of residuals : 0.954334
rel. change during last iteration : -4.09159e-11

degrees of freedom    (FIT_NDF)                        : 19
rms of residuals      (FIT_STDFIT) = sqrt(WSSR/ndf)    : 0.224116
variance of residuals (reduced chisquare) = WSSR/ndf   : 0.0502281

Final set of parameters            Asymptotic Standard Error
=======================            ==========================

m               = 0.90519          +/- 0.02286      (2.525%)
b               = -0.599179        +/- 0.09454      (15.78%)


correlation matrix of the fit parameters:

               m      b      
m               1.000 
b              -0.856  1.000 


*******************************************************************************
Sun Jan  4 18:42:03 2015


FIT:    data read from file.".dat" using 1:2
        format = x:z
        #datapoints = 21
        residuals are weighted equally (unit weight)

function used for fitting: f(x)
fitted parameters initialized with current variable values



 Iteration 0
 WSSR        : 80.4277           delta(WSSR)/WSSR   : 0
 delta(WSSR) : 0                 limit for stopping : 1e-05
 lambda	  : 3.00876

initial set of free parameter values

m               = 1
b               = 1

After 4 iterations the fit converged.
final sum of squares of residuals : 0.954334
rel. change during last iteration : -4.09159e-11

degrees of freedom    (FIT_NDF)                        : 19
rms of residuals      (FIT_STDFIT) = sqrt(WSSR/ndf)    : 0.224116
variance of residuals (reduced chisquare) = WSSR/ndf   : 0.0502281

Final set of parameters            Asymptotic Standard Error
=======================            ==========================

m               = 0.90519          +/- 0.02286      (2.525%)
b               = -0.599179        +/- 0.09454      (15.78%)


correlation matrix of the fit parameters:

               m      b      
m               1.000 
b              -0.856  1.000 


*******************************************************************************
Sun Jan  4 18:46:13 2015


FIT:    data read from file.".dat" using 1:2
        format = x:z
        #datapoints = 21
        residuals are weighted equally (unit weight)

function used for fitting: f(x)
fitted parameters initialized with current variable values



 Iteration 0
 WSSR        : 80.4277           delta(WSSR)/WSSR   : 0
 delta(WSSR) : 0                 limit for stopping : 1e-05
 lambda	  : 3.00876

initial set of free parameter values

m               = 1
b               = 1

After 4 iterations the fit converged.
final sum of squares of residuals : 0.954334
rel. change during last iteration : -4.09159e-11

degrees of freedom    (FIT_NDF)                        : 19
rms of residuals      (FIT_STDFIT) = sqrt(WSSR/ndf)    : 0.224116
variance of residuals (reduced chisquare) = WSSR/ndf   : 0.0502281

Final set of parameters            Asymptotic Standard Error
=======================            ==========================

m               = 0.90519          +/- 0.02286      (2.525%)
b               = -0.599179        +/- 0.09454      (15.78%)


correlation matrix of the fit parameters:

               m      b      
m               1.000 
b              -0.856  1.000 


*******************************************************************************
Sun Jan  4 18:47:29 2015


FIT:    data read from file.".dat" using 1:2
        format = x:z
        #datapoints = 21
        residuals are weighted equally (unit weight)

function used for fitting: f(x)
fitted parameters initialized with current variable values



 Iteration 0
 WSSR        : 80.4277           delta(WSSR)/WSSR   : 0
 delta(WSSR) : 0                 limit for stopping : 1e-05
 lambda	  : 3.00876

initial set of free parameter values

m               = 1
b               = 1

After 4 iterations the fit converged.
final sum of squares of residuals : 0.954334
rel. change during last iteration : -4.09159e-11

degrees of freedom    (FIT_NDF)                        : 19
rms of residuals      (FIT_STDFIT) = sqrt(WSSR/ndf)    : 0.224116
variance of residuals (reduced chisquare) = WSSR/ndf   : 0.0502281

Final set of parameters            Asymptotic Standard Error
=======================            ==========================

m               = 0.90519          +/- 0.02286      (2.525%)
b               = -0.599179        +/- 0.09454      (15.78%)


correlation matrix of the fit parameters:

               m      b      
m               1.000 
b              -0.856  1.000 
